mode: count
_/Users/Sophia/Desktop/Columbia/columbia_heaven_semester/ASE/HealthServer/httpserver.go:17.21,18.15 1 0
_/Users/Sophia/Desktop/Columbia/columbia_heaven_semester/ASE/HealthServer/httpserver.go:18.15,19.13 1 0
_/Users/Sophia/Desktop/Columbia/columbia_heaven_semester/ASE/HealthServer/httpserver.go:23.55,35.20 9 15
_/Users/Sophia/Desktop/Columbia/columbia_heaven_semester/ASE/HealthServer/httpserver.go:177.5,179.37 3 15
_/Users/Sophia/Desktop/Columbia/columbia_heaven_semester/ASE/HealthServer/httpserver.go:182.5,182.40 1 15
_/Users/Sophia/Desktop/Columbia/columbia_heaven_semester/ASE/HealthServer/httpserver.go:35.20,37.117 2 2
_/Users/Sophia/Desktop/Columbia/columbia_heaven_semester/ASE/HealthServer/httpserver.go:37.117,41.14 3 1
_/Users/Sophia/Desktop/Columbia/columbia_heaven_semester/ASE/HealthServer/httpserver.go:41.14,43.14 1 1
_/Users/Sophia/Desktop/Columbia/columbia_heaven_semester/ASE/HealthServer/httpserver.go:45.6,45.26 1 13
_/Users/Sophia/Desktop/Columbia/columbia_heaven_semester/ASE/HealthServer/httpserver.go:45.26,47.91 2 2
_/Users/Sophia/Desktop/Columbia/columbia_heaven_semester/ASE/HealthServer/httpserver.go:47.91,48.53 1 1
_/Users/Sophia/Desktop/Columbia/columbia_heaven_semester/ASE/HealthServer/httpserver.go:62.17,64.49 3 1
_/Users/Sophia/Desktop/Columbia/columbia_heaven_semester/ASE/HealthServer/httpserver.go:48.53,61.18 12 1
_/Users/Sophia/Desktop/Columbia/columbia_heaven_semester/ASE/HealthServer/httpserver.go:65.14,67.14 1 1
_/Users/Sophia/Desktop/Columbia/columbia_heaven_semester/ASE/HealthServer/httpserver.go:69.6,69.26 1 11
_/Users/Sophia/Desktop/Columbia/columbia_heaven_semester/ASE/HealthServer/httpserver.go:69.26,72.91 3 2
_/Users/Sophia/Desktop/Columbia/columbia_heaven_semester/ASE/HealthServer/httpserver.go:72.91,74.14 1 1
_/Users/Sophia/Desktop/Columbia/columbia_heaven_semester/ASE/HealthServer/httpserver.go:74.14,75.123 1 1
_/Users/Sophia/Desktop/Columbia/columbia_heaven_semester/ASE/HealthServer/httpserver.go:91.15,93.47 3 1
_/Users/Sophia/Desktop/Columbia/columbia_heaven_semester/ASE/HealthServer/httpserver.go:75.123,86.16 9 1
_/Users/Sophia/Desktop/Columbia/columbia_heaven_semester/ASE/HealthServer/httpserver.go:86.16,90.16 3 0
_/Users/Sophia/Desktop/Columbia/columbia_heaven_semester/ASE/HealthServer/httpserver.go:95.6,95.26 1 9
_/Users/Sophia/Desktop/Columbia/columbia_heaven_semester/ASE/HealthServer/httpserver.go:95.26,97.6 1 1
_/Users/Sophia/Desktop/Columbia/columbia_heaven_semester/ASE/HealthServer/httpserver.go:97.6,97.26 1 8
_/Users/Sophia/Desktop/Columbia/columbia_heaven_semester/ASE/HealthServer/httpserver.go:97.26,99.91 2 2
_/Users/Sophia/Desktop/Columbia/columbia_heaven_semester/ASE/HealthServer/httpserver.go:99.91,101.14 1 1
_/Users/Sophia/Desktop/Columbia/columbia_heaven_semester/ASE/HealthServer/httpserver.go:101.14,102.41 1 1
_/Users/Sophia/Desktop/Columbia/columbia_heaven_semester/ASE/HealthServer/httpserver.go:117.15,119.47 3 1
_/Users/Sophia/Desktop/Columbia/columbia_heaven_semester/ASE/HealthServer/httpserver.go:102.41,106.100 4 2
_/Users/Sophia/Desktop/Columbia/columbia_heaven_semester/ASE/HealthServer/httpserver.go:106.100,108.18 1 1
_/Users/Sophia/Desktop/Columbia/columbia_heaven_semester/ASE/HealthServer/httpserver.go:108.18,108.135 1 1
_/Users/Sophia/Desktop/Columbia/columbia_heaven_semester/ASE/HealthServer/httpserver.go:108.135,110.18 0 1
_/Users/Sophia/Desktop/Columbia/columbia_heaven_semester/ASE/HealthServer/httpserver.go:110.18,115.18 4 0
_/Users/Sophia/Desktop/Columbia/columbia_heaven_semester/ASE/HealthServer/httpserver.go:121.6,121.26 1 6
_/Users/Sophia/Desktop/Columbia/columbia_heaven_semester/ASE/HealthServer/httpserver.go:121.26,123.94 2 2
_/Users/Sophia/Desktop/Columbia/columbia_heaven_semester/ASE/HealthServer/httpserver.go:123.94,128.14 4 1
_/Users/Sophia/Desktop/Columbia/columbia_heaven_semester/ASE/HealthServer/httpserver.go:128.14,130.14 1 1
_/Users/Sophia/Desktop/Columbia/columbia_heaven_semester/ASE/HealthServer/httpserver.go:131.6,131.28 1 4
_/Users/Sophia/Desktop/Columbia/columbia_heaven_semester/ASE/HealthServer/httpserver.go:131.28,142.6 8 1
_/Users/Sophia/Desktop/Columbia/columbia_heaven_semester/ASE/HealthServer/httpserver.go:142.6,142.28 1 3
_/Users/Sophia/Desktop/Columbia/columbia_heaven_semester/ASE/HealthServer/httpserver.go:142.28,146.87 4 2
_/Users/Sophia/Desktop/Columbia/columbia_heaven_semester/ASE/HealthServer/httpserver.go:146.87,167.10 17 1
_/Users/Sophia/Desktop/Columbia/columbia_heaven_semester/ASE/HealthServer/httpserver.go:167.10,169.10 1 1
_/Users/Sophia/Desktop/Columbia/columbia_heaven_semester/ASE/HealthServer/httpserver.go:170.6,175.6 1 1
_/Users/Sophia/Desktop/Columbia/columbia_heaven_semester/ASE/HealthServer/httpserver.go:179.37,181.6 1 12
_/Users/Sophia/Desktop/Columbia/columbia_heaven_semester/ASE/HealthServer/httpserver.go:182.40,184.6 1 1
_/Users/Sophia/Desktop/Columbia/columbia_heaven_semester/ASE/HealthServer/httpserver.go:188.62,190.75 2 4
_/Users/Sophia/Desktop/Columbia/columbia_heaven_semester/ASE/HealthServer/httpserver.go:193.7,193.27 1 4
_/Users/Sophia/Desktop/Columbia/columbia_heaven_semester/ASE/HealthServer/httpserver.go:190.75,192.6 1 0
_/Users/Sophia/Desktop/Columbia/columbia_heaven_semester/ASE/HealthServer/httpserver.go:193.27,195.8 1 1
_/Users/Sophia/Desktop/Columbia/columbia_heaven_semester/ASE/HealthServer/httpserver.go:198.63,201.76 3 4
_/Users/Sophia/Desktop/Columbia/columbia_heaven_semester/ASE/HealthServer/httpserver.go:204.7,204.28 1 4
_/Users/Sophia/Desktop/Columbia/columbia_heaven_semester/ASE/HealthServer/httpserver.go:207.7,207.37 1 4
_/Users/Sophia/Desktop/Columbia/columbia_heaven_semester/ASE/HealthServer/httpserver.go:201.76,203.8 1 0
_/Users/Sophia/Desktop/Columbia/columbia_heaven_semester/ASE/HealthServer/httpserver.go:204.28,206.8 1 1
_/Users/Sophia/Desktop/Columbia/columbia_heaven_semester/ASE/HealthServer/httpserver.go:209.57,211.82 2 5
_/Users/Sophia/Desktop/Columbia/columbia_heaven_semester/ASE/HealthServer/httpserver.go:214.7,222.50 9 5
_/Users/Sophia/Desktop/Columbia/columbia_heaven_semester/ASE/HealthServer/httpserver.go:211.82,213.8 1 0
_/Users/Sophia/Desktop/Columbia/columbia_heaven_semester/ASE/HealthServer/httpserver.go:226.44,230.2 3 0
_/Users/Sophia/Desktop/Columbia/columbia_heaven_semester/ASE/HealthServer/httpserver.go:232.13,242.19 6 0
_/Users/Sophia/Desktop/Columbia/columbia_heaven_semester/ASE/HealthServer/httpserver.go:242.19,244.6 1 0
